[H[Jpwd
echo
g++
bin
cpp
logs
0 pyramid
4
0 prism
4
0 sphere
4
0
404.md
Brainstorming
README.md
bash.out
cp.out
diff.out
for_the_site
git_log.out
hole1
home.html
index.html
itsatrap.jpg
kevins_controller1.py
kevins_controller2.py
sh.sh
use.grep.out
when_the_snows_fall_and_the_wind_blows-the_lone_wolf_dies-the_pack_survives

[H[Je
Message sent successfully
1
1
echoecho
Message received successfully.
[H[Jdeke-ing 2
: Command not found
$
initials



2 line spaces above, 1 below

: Command not found

: Command not found
0 line spaces above, 0 below
, 0
$



3 line spaces above, 1 below

palindrome failed
initials

1
$
palindrome complete
