commit c8ccc2edb5ace328c6a7f5daf65fcfc69dbc3a68
Author: ksasakipz <ksasaki@students.pitzer.edu>
Date:   Tue Aug 17 19:38:06 2021 -0700

    P=NP. A Proof Using Rachael Theory. Written By Kevin Michael.

commit 83be7c6129630774e308cd4e6b70643de038d704
Author: ksasakipz <ksasaki@students.pitzer.edu>
Date:   Tue Aug 17 19:37:37 2021 -0700

    P=NP. A Proof Using Rachael Theory. Written By Kevin Michael.

commit d04686cf20d06492ae08827aff3a4a187e7366e3
Author: ksasakipz <ksasaki@students.pitzer.edu>
Date:   Tue Aug 17 19:37:35 2021 -0700

    P=NP. A Proof Using Rachael Theory. Written By Kevin Michael.

commit 49143e2c90f7da9f96f6de49583cefcda0a31aab
Author: ksasakipz <ksasaki@students.pitzer.edu>
Date:   Tue Aug 17 19:37:14 2021 -0700

    P=NP. A Proof Using Rachael Theory. Written By Kevin Michael.

commit fcdac48090de79a6cdfa3eaa94c0f1545bfc2ef8
Author: ksasakipz <ksasaki@students.pitzer.edu>
Date:   Tue Aug 17 19:36:27 2021 -0700

    P=NP. A Proof Using Rachael Theory. Written By Kevin Michael.

commit efe461ab0990b7ac43873f4db28ac549a790bcab
Author: ksasakipz <ksasaki@students.pitzer.edu>
Date:   Tue Aug 17 19:35:23 2021 -0700

    P=NP. A Proof Using Rachael Theory. Written By Kevin Michael.

commit 7ce67d4b3ab8dcb55ba7582435efbeb18d0bfddd
Author: ksasakipz <ksasaki@students.pitzer.edu>
Date:   Tue Aug 17 19:35:14 2021 -0700

    P=NP. A Proof Using Rachael Theory. Written By Kevin Michael.

commit 05f4aa42b16aa9ad6b83f398a3b2b4f15a4f0050
Author: ksasakipz <ksasaki@students.pitzer.edu>
Date:   Tue Aug 17 19:33:44 2021 -0700

    P=NP. A Proof Using Rachael Theory. Written By Kevin Michael.

commit f680f59769b2e99d05995936bb9d7596644db7b4
Author: ksasakipz <ksasaki@students.pitzer.edu>
Date:   Tue Aug 17 19:32:31 2021 -0700

    P=NP. A Proof Using Rachael Theory. Written By Kevin Michael.

commit a7f52c9208d481de7540eb2a780fcb6f94a9060d
Author: ksasakipz <ksasaki@students.pitzer.edu>
Date:   Tue Aug 17 19:32:14 2021 -0700

    P=NP. A Proof Using Rachael Theory. Written By Kevin Michael.

commit e7842cb153165b7346ef92ebaeda5b8f54c9df99
Author: ksasakipz <ksasaki@students.pitzer.edu>
Date:   Tue Aug 17 19:31:33 2021 -0700

    P=NP. A Proof Using Rachael Theory. Written By Kevin Michael.

commit 8a5069af8962b8d0b9a9632da2a9b4f617738223
Author: ksasakipz <ksasaki@students.pitzer.edu>
Date:   Tue Aug 17 19:30:39 2021 -0700

    P=NP. A Proof Using Rachael Theory. Written By Kevin Michael.

commit 1e4a97017caa16f85aa6d6035268bb57358f1994
Author: ksasakipz <ksasaki@students.pitzer.edu>
Date:   Tue Aug 17 19:29:09 2021 -0700

    P=NP. A Proof Using Rachael Theory. Written By Kevin Michael.

commit c4067933704d3928242c6f9323d49f6e1fb9732e
Author: ksasakipz <ksasaki@students.pitzer.edu>
Date:   Tue Aug 17 19:28:41 2021 -0700

    P=NP. A Proof Using Rachael Theory. Written By Kevin Michael.

commit 943f0cbb172700cb713afc6ae9971a8cb04a5bcf
Author: ksasakipz <ksasaki@students.pitzer.edu>
Date:   Tue Aug 17 19:25:19 2021 -0700

    P=NP. A Proof Using Rachael Theory. Written By Kevin Michael.

commit 605a858d53ad55a0f254c72c1e0a12e9e7cca2df
Author: ksasakipz <ksasaki@students.pitzer.edu>
Date:   Tue Aug 17 19:24:34 2021 -0700

    P=NP. A Proof Using Rachael Theory. Written By Kevin Michael.

commit a95526e01b5bb173a40a81ac744edfccb7b4ecd6
Author: ksasakipz <ksasaki@students.pitzer.edu>
Date:   Tue Aug 17 19:21:07 2021 -0700

    add some stuffs

commit eb5f6d9ec1c327bf75ee752063dc58cd75b81302
Author: ksasakipz <ksasaki@students.pitzer.edu>
Date:   Tue Aug 17 19:18:36 2021 -0700

    Climax achieved. It's all downhill from ehre

commit ecc78cdc137585cd7171bbdc3962a768d845859e
Author: ksasakipz <ksasaki@students.pitzer.edu>
Date:   Tue Aug 17 13:49:48 2021 -0700

    added kevins_forest2

commit 904e52d1002ead2fe753b902cee48a11ee274990
Author: ksasakipz <ksasaki@students.pitzer.edu>
Date:   Tue Aug 17 13:42:09 2021 -0700

    Writting session 123

commit 67cf6caf2ce72df26730fe4f89c65db7b2369c2f
Author: ksasakipz <ksasaki@students.pitzer.edu>
Date:   Tue Aug 17 12:08:32 2021 -0700

    Writting session 123

commit 915775a25ebce02527cf7916437cbdf08609901f
Author: ksasakipz <ksasaki@students.pitzer.edu>
Date:   Tue Aug 17 12:06:49 2021 -0700

    Writting session 123

commit 612a3c75a2e62fabf27d35382a6e0661cb778ddc
Author: ksasakipz <ksasaki@students.pitzer.edu>
Date:   Tue Aug 17 12:02:34 2021 -0700

    Writting session 123

commit 62b6d22bc647a985d016008491b5b31e8b1a9099
Author: ksasakipz <ksasaki@students.pitzer.edu>
Date:   Tue Aug 17 11:58:42 2021 -0700

    Writting session 123

commit 3d145d8bd42f5749cc2e822e4a2faa6b15bec245
Author: ksasakipz <ksasaki@students.pitzer.edu>
Date:   Tue Aug 17 11:56:38 2021 -0700

    Writting session 123

commit 4caf1daba2c2b5479ab8e985732c61e13ff16afa
Author: ksasakipz <ksasaki@students.pitzer.edu>
Date:   Tue Aug 17 11:20:28 2021 -0700

    Writting session 123

commit d6f15458810ba020a7c119bd6f3d97bf78759923
Author: ksasakipz <ksasaki@students.pitzer.edu>
Date:   Tue Aug 17 10:23:12 2021 -0700

    Writting session 123

commit 1f9b72b7d13e5dff6e731b1ec01c277212e1904a
Author: ksasakipz <ksasaki@students.pitzer.edu>
Date:   Mon Aug 16 23:48:44 2021 -0700

    Started a book named a1_lost_in_the_sauce

commit 00568d15cf582dac21f045bb9b199e05c389dfec
Author: ksasakipz <ksasaki@students.pitzer.edu>
Date:   Mon Aug 16 21:10:58 2021 -0700

    sh changes

commit 725ee484ec3fc01caebadbd8a4d1f25c5323fcec
Author: ksasakipz <ksasaki@students.pitzer.edu>
Date:   Mon Aug 16 21:06:21 2021 -0700

    mem

commit afc7ed2a0b1570b26bd6d61e33fcbf82ca816884
Author: ksasakipz <ksasaki@students.pitzer.edu>
Date:   Mon Aug 16 21:05:57 2021 -0700

    mem

commit d0b841b28dc8bbdac84c29486bd7ffd1e1a4ae12
Author: ksasakipz <ksasaki@students.pitzer.edu>
Date:   Mon Aug 16 21:03:49 2021 -0700

    alien bingo japan-america-spaces=qGreetings23

commit aeee4d94648d9c77547fae39a1dd1c6539804ad9
Author: ksasakipz <ksasaki@students.pitzer.edu>
Date:   Mon Aug 16 21:03:33 2021 -0700

    alien bingo japan-america-spaces=qGreetings23

commit 2213944e8ed4d639f2bc90dea7440db5cbb06e57
Author: ksasakipz <ksasaki@students.pitzer.edu>
Date:   Mon Aug 16 21:03:21 2021 -0700

    alien bingo japan-america-spaces=qGreetings23

commit 38a3121b336f0be01e87a6984de73c2c3d43b9b0
Author: ksasakipz <ksasaki@students.pitzer.edu>
Date:   Mon Aug 16 21:02:32 2021 -0700

    alien bingo japan-america-spaces=qGreetings23

commit a74ac5d740b85f388224c8e84dd02ddb1b5cd005
Author: ksasakipz <ksasaki@students.pitzer.edu>
Date:   Mon Aug 16 21:02:12 2021 -0700

    alien bingo japan-america-spaces=qGreetings23

commit 9bf0907d46d2b09cb789b18924e017d951f8b4db
Author: ksasakipz <ksasaki@students.pitzer.edu>
Date:   Mon Aug 16 21:01:47 2021 -0700

    alien bingo japan-america-spaces=qGreetings23

commit 1b79f5058e2e59c42e839a8f1ded32c32ceb9470
Author: ksasakipz <ksasaki@students.pitzer.edu>
Date:   Mon Aug 16 21:01:37 2021 -0700

    alien bingo japan-america-spaces=qGreetings23

commit 15649bd3d629d896759ba0789309bcc9a5b2eba2
Author: ksasakipz <ksasaki@students.pitzer.edu>
Date:   Mon Aug 16 21:01:07 2021 -0700

    alien bingo japan-america-spaces=qGreetings23

commit 0e4c0ccaff12e5aa707f1b6259cc32c20759f807
Author: ksasakipz <ksasaki@students.pitzer.edu>
Date:   Mon Aug 16 21:00:50 2021 -0700

    alien bingo japan-america-spaces=qGreetings23

commit 29ae9ab6be57fb839ac45a675c43a84133585f39
Author: ksasakipz <ksasaki@students.pitzer.edu>
Date:   Mon Aug 16 21:00:33 2021 -0700

    alien bingo japan-america-spaces=qGreetings23

commit af55a7a3d6722dcd774defcc46798ea4b93509eb
Author: ksasakipz <ksasaki@students.pitzer.edu>
Date:   Mon Aug 16 21:00:02 2021 -0700

    alien bingo japan-america-spaces=qGreetings23

commit 8ae6d939b8ccc624c49849fca2127af3e14e21e9
Author: ksasakipz <ksasaki@students.pitzer.edu>
Date:   Mon Aug 16 20:59:44 2021 -0700

    alien bingo japan-america-spaces=qGreetings23

commit 64fd007e49c6c6b8d4584411de0240dc16802b8b
Author: ksasakipz <ksasaki@students.pitzer.edu>
Date:   Mon Aug 16 20:59:28 2021 -0700

    alien bingo japan-america-spaces=qGreetings23

commit a1e9ac7bb23d1af4f9994b244c59aa683760e5bc
Author: ksasakipz <ksasaki@students.pitzer.edu>
Date:   Mon Aug 16 20:59:10 2021 -0700

    alien bingo japan-america-spaces=qGreetings23

commit 4fc821cef16877a226e85a57e34bfc60b76e54ff
Author: ksasakipz <ksasaki@students.pitzer.edu>
Date:   Mon Aug 16 20:58:48 2021 -0700

    alien bingo japan-america-spaces=qGreetings23

commit d5ad56ac704ebfa629a9786d11c90796ff7864d7
Author: ksasakipz <ksasaki@students.pitzer.edu>
Date:   Mon Aug 16 20:58:22 2021 -0700

    alien bingo japan-america-spaces=qGreetings23

commit 87cfcd3ab43d47cbb224036680e2a1a4cf469629
Author: ksasakipz <ksasaki@students.pitzer.edu>
Date:   Mon Aug 16 20:56:51 2021 -0700

    alien bingo japan-america-spaces=qGreetings2

commit d9644d024a56f49fb96ae8acf9d9edc6e5816205
Author: ksasakipz <ksasaki@students.pitzer.edu>
Date:   Mon Aug 16 20:56:15 2021 -0700

    alien bingo japan-america-spaces=qGreetings

commit 6c3dc821369c24f0b6f227953bd79cf410bc645c
Author: ksasakipz <ksasaki@students.pitzer.edu>
Date:   Mon Aug 16 20:55:44 2021 -0700

    alien bingo japan-america-spaces=q

commit 60c7193adf9268556540982e5fe0db179615e380
Author: ksasakipz <ksasaki@students.pitzer.edu>
Date:   Mon Aug 16 20:55:14 2021 -0700

    alien bingo japan-america-spaces=

commit d3fae5cee1eb267923bcb34eeb2a12f23a7de9c9
Author: ksasakipz <ksasaki@students.pitzer.edu>
Date:   Mon Aug 16 20:54:03 2021 -0700

    alien bingo japan-america-spaces

commit df5380b598797805ab26d5e21897516f83014833
Author: ksasakipz <ksasaki@students.pitzer.edu>
Date:   Mon Aug 16 20:53:08 2021 -0700

    alien bingo japan-america

commit e0435b87e9ed12836d4ffaec28df615948a61f41
Author: ksasakipz <ksasaki@students.pitzer.edu>
Date:   Mon Aug 16 20:48:49 2021 -0700

    alien bingo

commit 83b62f1db3d8a6bf02210b10ba8cd50a63491c44
Author: ksasakipz <ksasaki@students.pitzer.edu>
Date:   Mon Aug 16 20:47:30 2021 -0700

    Yet some more 404 experiments 12345 It worked. Or did it... It's definitely somethingcsx42commentsALIENfileswaps?BINGO

commit 04b2d575f68daf35d9ff3bf3015265271b8435f8
Author: ksasakipz <ksasaki@students.pitzer.edu>
Date:   Mon Aug 16 20:46:41 2021 -0700

    Yet some more 404 experiments 12345 It worked. Or did it... It's definitely somethingcsx42commentsALIENfileswaps?

commit f70cd4c9c08cf9a711b629bd929144244603acb0
Author: ksasakipz <ksasaki@students.pitzer.edu>
Date:   Mon Aug 16 20:45:32 2021 -0700

    Yet some more 404 experiments 12345 It worked. Or did it... It's definitely somethingcsx42commentsALIENhole1FILESWAP

commit bb6d1b2305de8c861514b2f75030dbc56954e69b
Author: ksasakipz <ksasaki@students.pitzer.edu>
Date:   Mon Aug 16 20:43:53 2021 -0700

    Yet some more 404 experiments 12345 It worked. Or did it... It's definitely somethingcsx42commentsALIENhole1

commit 89f1a01ba1006c3cbc6535a80a68cbf2edbae188
Author: ksasakipz <ksasaki@students.pitzer.edu>
Date:   Mon Aug 16 20:37:53 2021 -0700

    Yet some more 404 experiments 12345 It worked. Or did it... It's definitely somethingcsx42comments

commit c10daaa6d99c3a04562ac667083d3a5b2fa1deda
Author: ksasakipz <ksasaki@students.pitzer.edu>
Date:   Mon Aug 16 20:36:28 2021 -0700

    Yet some more 404 experiments 12345 It worked. Or did it... It's definitely somethingcsx42

commit b0793a03864de5d1b37e3ad25c756b5cf7309a3a
Author: ksasakipz <ksasaki@students.pitzer.edu>
Date:   Mon Aug 16 20:35:38 2021 -0700

    Yet some more 404 experiments 12345 It worked. Or did it... It's definitely somethingcsx4

commit 3a7494f8569963b6fe7db7260ed3c839af17f8bb
Author: ksasakipz <ksasaki@students.pitzer.edu>
Date:   Mon Aug 16 20:35:18 2021 -0700

    Yet some more 404 experiments 12345 It worked. Or did it... It's definitely somethingcsx

commit 12bde196157dc5d8b90d0100939ec42fc9971f37
Author: ksasakipz <ksasaki@students.pitzer.edu>
Date:   Mon Aug 16 20:34:16 2021 -0700

    Yet some more 404 experiments 12345 It worked. Or did it... It's definitely somethingcs

commit 8630eb3ef63538367c6da2332c0a05351d464e9e
Author: ksasakipz <ksasaki@students.pitzer.edu>
Date:   Mon Aug 16 20:33:34 2021 -0700

    Yet some more 404 experiments 12345 It worked. Or did it... It's definitely somethingc

commit cd3abfe9d577a9ea06a36c6e9aa6e34d50cce141
Author: ksasakipz <ksasaki@students.pitzer.edu>
Date:   Mon Aug 16 20:33:09 2021 -0700

    Yet some more 404 experiments 12345 It worked. Or did it... It's definitely something

commit 4c583299d68a540b9e70dca2bc7e7eb13c8300de
Author: ksasakipz <ksasaki@students.pitzer.edu>
Date:   Mon Aug 16 20:32:34 2021 -0700

    Yet some more 404 experiments 12345 It worked. Or did it...

commit 7d02c1d1e46795b00ae153752b3efc5c18b4c50e
Author: ksasakipz <ksasaki@students.pitzer.edu>
Date:   Mon Aug 16 20:31:59 2021 -0700

    Yet some more 404 experiments 12345 It worked. Or did it..

commit 7091dd76f9dbc6a97aaf382d0a997491370640ab
Author: ksasakipz <ksasaki@students.pitzer.edu>
Date:   Mon Aug 16 20:30:50 2021 -0700

    Yet some more 404 experiments 12345 It worked. Or did it

commit 5e1e37ae2f4259e6d19fbacc89a957e8b8538682
Author: ksasakipz <ksasaki@students.pitzer.edu>
Date:   Mon Aug 16 20:30:07 2021 -0700

    Yet some more 404 experiments 12345 It worked.

commit 4e99406eee26bef06229ebf221dffb3f4a163d32
Author: ksasakipz <ksasaki@students.pitzer.edu>
Date:   Mon Aug 16 20:29:19 2021 -0700

    Yet some more 404 experiments 12345

commit e660da59b567b38d58bb1322c80b2f1b904547a0
Author: ksasakipz <ksasaki@students.pitzer.edu>
Date:   Mon Aug 16 20:28:15 2021 -0700

    Yet some more 404 experiments 1234

commit bc3213df350e2a5147c752d497da1314e5955303
Author: ksasakipz <ksasaki@students.pitzer.edu>
Date:   Mon Aug 16 18:56:07 2021 -0700

    Yet some more 404 experiments 123

commit fa1f83189d3d0e187a2993185f516d06a394e152
Author: ksasakipz <ksasaki@students.pitzer.edu>
Date:   Mon Aug 16 18:55:42 2021 -0700

    Yet some more 404 experiments 12

commit 7662a4602534e4e5511e01bf8681a8255fba5a8b
Author: ksasakipz <ksasaki@students.pitzer.edu>
Date:   Mon Aug 16 18:55:16 2021 -0700

    Yet some more 404 experiments 1

commit 320218a073c9a9096837276e633d307b69e92faa
Author: ksasakipz <ksasaki@students.pitzer.edu>
Date:   Mon Aug 16 18:54:46 2021 -0700

    Yet some more 404 experiments

commit 8136381575746cda9acb2b94700008629ee60b57
Author: ksasakipz <ksasaki@students.pitzer.edu>
Date:   Mon Aug 16 18:53:56 2021 -0700

    more 404 experiments

commit 49dd23f147edb3ede761bf3888f0dcc4c4b5096f
Author: ksasakipz <ksasaki@students.pitzer.edu>
Date:   Mon Aug 16 18:52:04 2021 -0700

    Experimental 404 change

commit 416245276fa59c7e96032fa1921972f3ccec1886
Author: ksasakipz <ksasaki@students.pitzer.edu>
Date:   Mon Aug 16 18:49:23 2021 -0700

    Added some lines to readme

commit 91edb0b17a71f75ae70a69d43b1ee22c2974d613
Author: ksasakipz <ksasaki@students.pitzer.edu>
Date:   Mon Aug 16 18:48:10 2021 -0700

    Added a couple lines to README

commit f40e1d82a0ff79878074c3772a92abe3ab44efc6
Author: ksasakipz <ksasaki@students.pitzer.edu>
Date:   Mon Aug 16 18:44:04 2021 -0700

    Added some options to index.html

commit 2f6acc40a33c6b693f9032e008e885ed24f9291c
Author: ksasakipz <ksasaki@students.pitzer.edu>
Date:   Mon Aug 16 18:42:44 2021 -0700

    Resources stuck to web

commit 09d4b04253bad7c70ab1550c92335b00184b9a59
Author: ksasakipz <ksasaki@students.pitzer.edu>
Date:   Mon Aug 16 18:41:22 2021 -0700

    Added some markdown

commit 547d34ab85c983870b064e724f581176f9ed61d8
Author: ksasakipz <ksasaki@students.pitzer.edu>
Date:   Sun Jul 25 11:10:48 2021 -0700

    Remove cpp files

commit 2723ea55d352996c32845e78445a8d7857eef69c
Author: ksasakipz <ksasaki@students.pitzer.edu>
Date:   Sun Jul 25 01:01:18 2021 -0700

    Typos

commit 4ef6fbea92e95438871624c5aa866a94427aa9eb
Author: ksasakipz <ksasaki@students.pitzer.edu>
Date:   Sun Jul 25 01:00:26 2021 -0700

    remove swap file

commit 394f593b1082d64bdadc1391d684446fe8ff4f1a
Author: ksasakipz <ksasaki@students.pitzer.edu>
Date:   Sun Jul 25 00:59:18 2021 -0700

    cpp

commit b4938e7c0da4947f0578b4475b4930644b723ab8
Author: ksasakipz <ksasaki@students.pitzer.edu>
Date:   Sat Jul 24 11:06:59 2021 -0700

    Added opportunities to the homepage

commit ba398d7878b9dbc35ac3ad571d8c648821d3cf5c
Author: ksasakipz <ksasaki@students.pitzer.edu>
Date:   Fri Jul 16 13:01:18 2021 -0700

    Delete old directory

commit f8c4cf39e5de41328dce605b3302366b0c05b72f
Author: ksasakipz <ksasaki@students.pitzer.edu>
Date:   Fri Jul 16 13:00:02 2021 -0700

    move old website files to root directory

commit 5cc81e55eb7eb3b95270a051ac1ea06b53ddf855
Author: ksasakipz <ksasaki@students.pitzer.edu>
Date:   Fri Jul 16 12:56:19 2021 -0700

    Add an old, barely a website

commit 92f4eb91dbd55cd013afc4eeefd1eeedfe84844b
Author: ksasakipz <ksasaki@students.pitzer.edu>
Date:   Thu Jul 15 20:59:34 2021 -0700

    init index

commit 893bb41018740d8cdc8c54156c4147a0e9ed0f47
Author: ksasakipz <ksasaki@students.pitzer.edu>
Date:   Thu Jul 15 20:56:23 2021 -0700

    Init readme
