total 832
drwxr-xr-x  37 kevinsasaki1  staff    1184 Aug 17 21:17 .
drwxr-xr-x  20 kevinsasaki1  staff     640 Aug 17 13:47 ..
-rw-r--r--   1 kevinsasaki1  staff   12288 Aug 17 19:44 .index.html.swp
-rw-r--r--   1 kevinsasaki1  staff       0 Aug 17 21:17 ls-lfa.out
-rw-r--r--   1 kevinsasaki1  staff     648 Aug 16 21:22 bash.out
-rw-r--r--   1 kevinsasaki1  staff     725 Aug 17 19:44 index.html
-rw-r--r--   1 kevinsasaki1  staff     224 Aug 17 19:38 home.html
-rw-r--r--@  1 kevinsasaki1  staff   30829 Aug 17 19:26 when_the_snows_fall_and_the_wind_blows-the_lone_wolf_dies-the_pack_survives

drwxr-xr-x  12 kevinsasaki1  staff     384 Aug 16 18:35 for_the_site
-rw-r--r--   1 kevinsasaki1  staff    2064 Aug 17 21:17 ls-l.out
-rw-r--r--   1 kevinsasaki1  staff   12288 Aug 17 21:16 .README.md.swp
-rw-r--r--   1 kevinsasaki1  staff   17124 Aug 17 19:42 in.git_log
-rw-r--r--   1 kevinsasaki1  staff    1527 Aug 16 18:36 kevins_controller1.py
-rw-r--r--@  1 kevinsasaki1  staff   30829 Aug 17 19:26 w?hen_the_snows_fall_and_the_wind_blows-the_lone_wolf_dies-the_pac?
-rw-r--r--   1 kevinsasaki1  staff   17124 Aug 17 19:42 out.git_log
-rw-r--r--   1 kevinsasaki1  staff       0 Aug 16 18:36 use.grep.out
-rw-r--r--   1 kevinsasaki1  staff     738 Aug 16 18:36 0
-rw-r--r--   1 kevinsasaki1  staff    1107 Aug 16 18:36 diff.out
-rw-r--r--   1 kevinsasaki1  staff      10 Aug 17 19:45 __pycache__
-rw-r--r--   1 kevinsasaki1  staff     421 Aug 17 21:17 ls.out
-rw-r--r--   1 kevinsasaki1  staff   17124 Aug 17 19:40 git_log.out
-rw-r--r--   1 kevinsasaki1  staff    1387 Aug 17 21:16 README.md
-rw-r--r--   1 kevinsasaki1  staff     528 Aug 16 18:36 cp.out
-rw-r--r--   1 kevinsasaki1  staff    1622 Aug 16 20:45 hole1
-rw-r--r--   1 kevinsasaki1  staff       0 Aug 16 21:28 map1.txt
-rw-r--r--   1 kevinsasaki1  staff     276 Aug 16 18:36 Brainstorming
-rw-r--r--   1 kevinsasaki1  staff    1522 Aug 16 18:36 kevins_controller2.py
-rw-r--r--   1 kevinsasaki1  staff       0 Aug 16 21:28 map2.txt
-rw-r--r--   1 kevinsasaki1  staff    2522 Aug 17 21:17 ls-lf.out
-rw-r--r--   1 kevinsasaki1  staff   12288 Aug 17 19:44 .home.html.swp
-rw-r--r--   1 kevinsasaki1  staff  108928 Aug 16 18:35 itsatrap.jpg
-rw-r--r--   1 kevinsasaki1  staff    1921 Aug 16 21:06 404.md
-rw-r--r--   1 kevinsasaki1  staff   17124 Aug 17 19:42 git_log.in
drwxr-xr-x  13 kevinsasaki1  staff     416 Aug 17 21:09 .git
-rw-r--r--@  1 kevinsasaki1  staff   30829 Aug 17 19:28 w.jpg
-rw-r--r--@  1 kevinsasaki1  staff   30829 Aug 17 19:23 RK2014
drwxr-xr-x   8 kevinsasaki1  staff     256 Aug 16 21:49 captainslog
